============================================================
 DSL Key 模式分类报告
============================================================

[1] 字段名: condition
    出现路径数: 145
    该 object 总出现次数: 31300
    不同 key 总数: 4637
    已分类 DSL key: 4624 个 (99532 次出现)
    未分类 key: 13 个 (12572 次出现)

    ── 已分类 DSL 模式 ──
    [have] 808 个 key, 共 41866 次 (133.8%)
      例: have.主角.苏丹                                5005次 ( 16.0%)  int(5005)
      例: have.2000910.正当性                          2810次 (  9.0%)  int(2810)
      例: have.2000954.正当性                          1305次 (  4.2%)  int(1305)
      例: have.2000913.正当性                          1002次 (  3.2%)  int(1002)
      例: !have.2000312.宰相                           863次 (  2.8%)  int(863)
      ... 及其余 803 个
    [counter] 1442 个 key, 共 32166 次 (102.8%)
      例: counter.7001069<                          7194次 ( 23.0%)  int(7194)
      例: counter.7000449<                          6993次 ( 22.3%)  int(6993)
      例: counter.7000447>=                         2706次 (  8.6%)  int(2706)
      例: counter.7000446>=                         2179次 (  7.0%)  int(2179)
      例: counter.7000448>=                         2174次 (  6.9%)  int(2174)
      ... 及其余 1437 个
    [slot] 779 个 key, 共 14792 次 (47.3%)
      例: s2.is                                     1388次 (  4.4%)  int(1388)
      例: s1.is                                      893次 (  2.9%)  int(893)
      例: s3.is                                      627次 (  2.0%)  int(627)
      例: s5.is                                      566次 (  1.8%)  int(566)
      例: s2                                         550次 (  1.8%)  int(550)
      ... 及其余 774 个
    [formula] 850 个 key, 共 3534 次 (11.3%)
      例: f:counter.7000936-counter.7000935>=        172次 (  0.5%)  int(172)
      例: f:counter.7000935-counter.7000936>         165次 (  0.5%)  int(165)
      例: f:counter.7100004+counter.7100003+counter.7100001>=   137次 (  0.4%)  int(137)
      例: r1:战斗+体魄-e(战斗+体魄)>=                         97次 (  0.3%)  array<int>(95)  int(2)
      例: f:rare-s1.rare<=                            79次 (  0.3%)  int(79)
      ... 及其余 845 个
    [tag_check] 201 个 key, 共 2545 次 (8.1%)
      例: 主角                                         465次 (  1.5%)  int(465)
      例: 杀戮                                         140次 (  0.4%)  int(139)  string(1)
      例: 妻子                                         139次 (  0.4%)  int(139)
      例: 贵族                                         126次 (  0.4%)  int(126)
      例: 部队                                         117次 (  0.4%)  int(117)
      ... 及其余 196 个
    [negated] 73 个 key, 共 1908 次 (6.1%)
      例: !金币                                        297次 (  0.9%)  int(297)
      例: !怪物                                        239次 (  0.8%)  int(239)
      例: !动物                                        224次 (  0.7%)  int(224)
      例: !is                                        212次 (  0.7%)  int(210)  string(2)
      例: !主角                                        178次 (  0.6%)  int(178)
      ... 及其余 68 个
    [table] 367 个 key, 共 1177 次 (3.8%)
      例: table_have.2000366.目的地                      40次 (  0.1%)  int(40)
      例: table_have.2000847                          32次 (  0.1%)  int(32)
      例: table_have.2000845                          31次 (  0.1%)  int(31)
      例: table_have.2000846                          31次 (  0.1%)  int(31)
      例: table_have.妻子                               30次 (  0.1%)  int(30)
      ... 及其余 362 个
    [cost] 46 个 key, 共 909 次 (2.9%)
      例: cost.消耗品=                                  333次 (  1.1%)  int(333)
      例: cost.金币                                    323次 (  1.0%)  int(258)  array<int>(65)
      例: cost.金币=                                    57次 (  0.2%)  int(55)  array<int>(2)
      例: cost.消耗品                                    37次 (  0.1%)  int(37)
      例: cost.可堆叠=                                   27次 (  0.1%)  int(27)
      ... 及其余 41 个
    [attr_cmp] 45 个 key, 共 379 次 (1.2%)
      例: 智慧>=                                       128次 (  0.4%)  int(128)
      例: 魔力>=                                        47次 (  0.2%)  int(47)
      例: 智慧<                                         34次 (  0.1%)  int(34)
      例: 魅力>=                                        22次 (  0.1%)  int(22)
      例: 金币>=                                        13次 (  0.0%)  int(13)
      ... 及其余 40 个
    [rare] 4 个 key, 共 243 次 (0.8%)
      例: rare<=                                     121次 (  0.4%)  int(121)
      例: rare=                                       97次 (  0.3%)  int(97)
      例: rare>=                                      21次 (  0.1%)  int(21)
      例: rare<                                        4次 (  0.0%)  int(4)
    [entity_op] 6 个 key, 共 10 次 (0.0%)
      例: rite_end.5000313                             2次 (  0.0%)  int(2)
      例: rite_end.5000342                             2次 (  0.0%)  int(2)
      例: rite_end.5000323                             2次 (  0.0%)  int(2)
      例: rite_end.5000332                             2次 (  0.0%)  int(2)
      例: tag_tips.战斗                                  1次 (  0.0%)  int(1)
      ... 及其余 1 个
    [pop] 2 个 key, 共 2 次 (0.0%)
      例: pop.5001001_s5_11.s2                         1次 (  0.0%)  string(1)
      例: pop.5001001_s5_12.self                       1次 (  0.0%)  string(1)
    [case] 1 个 key, 共 1 次 (0.0%)
      例: case:op2                                     1次 (  0.0%)  object(1)

    ── 未分类 key (13 个) ──
      type                                     :  4600次 ( 14.7%)  string(4600)
      any                                      :  4144次 ( 13.2%)  object(4144)
      is                                       :  3017次 (  9.6%)  int(2982)  string(35)
      all                                      :   763次 (  2.4%)  object(763)
      rite                                     :    20次 (  0.1%)  int(20)
      unlock_upgrade                           :    11次 (  0.0%)  int(11)
      rare                                     :     6次 (  0.0%)  int(6)
      round                                    :     4次 (  0.0%)  int(4)
      is_rite                                  :     2次 (  0.0%)  int(2)
      change_name                              :     2次 (  0.0%)  int(2)
      difficulty                               :     1次 (  0.0%)  int(1)
      option                                   :     1次 (  0.0%)  object(1)
      case:1                                   :     1次 (  0.0%)  object(1)

    出现路径列表:
      - 100 → text_extra → [] → condition
      - 101 → text_extra → [] → condition
      - 102 → text_extra → [] → condition
      - 204 → text_extra → [] → condition
      - cards_slot → s → condition
      - cards_slot → s1 → condition
      - cards_slot → s1 → condition → any
      - cards_slot → s1 → condition → any → all
      - cards_slot → s1 → condition → any → all → any
      - cards_slot → s1 → condition → any → all → any → all
      - cards_slot → s1 → pops → [] → condition
      - cards_slot → s1 → pops → [] → condition → all
      - cards_slot → s1 → pops → [] → condition → any
      - cards_slot → s1 → pops → [] → condition → any → all
      - cards_slot → s10 → condition
      - cards_slot → s10 → condition → any
      - cards_slot → s10 → condition → any → all
      - cards_slot → s10 → condition → any → all → any
      - cards_slot → s10 → pops → [] → condition
      - cards_slot → s11 → condition
      - cards_slot → s11 → condition → any
      - cards_slot → s11 → condition → any → all
      - cards_slot → s12 → condition
      - cards_slot → s12 → condition → any
      - cards_slot → s12 → condition → any → all
      - cards_slot → s13 → condition
      - cards_slot → s13 → condition → any
      - cards_slot → s13 → pops → [] → condition
      - cards_slot → s13 → pops → [] → condition → any
      - cards_slot → s14 → condition
      - cards_slot → s14 → condition → any
      - cards_slot → s15 → condition
      - cards_slot → s16 → condition
      - cards_slot → s16 → condition → any
      - cards_slot → s17 → condition
      - cards_slot → s2 → condition
      - cards_slot → s2 → condition → all
      - cards_slot → s2 → condition → any
      - cards_slot → s2 → condition → any → all
      - cards_slot → s2 → condition → any → all → any
      - cards_slot → s2 → condition → any → all → any → all
      - cards_slot → s2 → condition → any → any
      - cards_slot → s2 → condition → any → any → all
      - cards_slot → s2 → pops → [] → condition
      - cards_slot → s2 → pops → [] → condition → all
      - cards_slot → s2 → pops → [] → condition → any
      - cards_slot → s2 → pops → [] → condition → any → all
      - cards_slot → s3 → condition
      - cards_slot → s3 → condition → all
      - cards_slot → s3 → condition → all → any
      - cards_slot → s3 → condition → any
      - cards_slot → s3 → condition → any → all
      - cards_slot → s3 → condition → any → all → any
      - cards_slot → s3 → pops → [] → condition
      - cards_slot → s3 → pops → [] → condition → any
      - cards_slot → s3 → pops → [] → condition → any → all
      - cards_slot → s4 → condition
      - cards_slot → s4 → condition → any
      - cards_slot → s4 → condition → any → all
      - cards_slot → s4 → condition → any → all → any
      - cards_slot → s4 → pops → [] → condition
      - cards_slot → s4 → pops → [] → condition → all
      - cards_slot → s4 → pops → [] → condition → any
      - cards_slot → s4 → pops → [] → condition → any → all
      - cards_slot → s5 → condition
      - cards_slot → s5 → condition → all
      - cards_slot → s5 → condition → any
      - cards_slot → s5 → condition → any → all
      - cards_slot → s5 → condition → any → all → any
      - cards_slot → s5 → pops → [] → action → choose → all
      - cards_slot → s5 → pops → [] → condition
      - cards_slot → s5 → pops → [] → condition → any
      - cards_slot → s6 → condition
      - cards_slot → s6 → condition → all
      - cards_slot → s6 → condition → any
      - cards_slot → s6 → condition → any → all
      - cards_slot → s6 → condition → any → all → any
      - cards_slot → s6 → pops → [] → condition
      - cards_slot → s6 → pops → [] → condition → any
      - cards_slot → s6 → pops → [] → condition → any → all
      - cards_slot → s7 → condition
      - cards_slot → s7 → condition → any
      - cards_slot → s7 → condition → any → all
      - cards_slot → s7 → condition → any → any
      - cards_slot → s7 → condition → any → any → all
      - cards_slot → s7 → pops → [] → condition
      - cards_slot → s7 → pops → [] → condition → any
      - cards_slot → s7 → pops → [] → condition → any → all
      - cards_slot → s8 → condition
      - cards_slot → s8 → condition → all
      - cards_slot → s8 → condition → any
      - cards_slot → s8 → condition → any → all
      - cards_slot → s8 → pops → [] → condition
      - cards_slot → s9 → condition
      - cards_slot → s9 → condition → any
      - cards_slot → s9 → condition → any → all
      - cards_slot → s9 → condition → any → all → any
      - cards_slot → s9 → pops → [] → condition
      - condition
      - condition → all
      - condition → all → any
      - condition → all → any → all
      - condition → any
      - condition → any → all
      - condition → any → all → any
      - condition → any → all → any → all
      - extra → [] → condition
      - extra → [] → condition → all
      - extra → [] → condition → any
      - extra → [] → condition → any → all
      - item → [] → condition
      - item → [] → condition → all
      - item → [] → condition → any
      - item → [] → condition → any → all
      - open_conditions → [] → condition
      - open_conditions → [] → condition → any
      - open_conditions → [] → condition → any → all
      - open_conditions → [] → condition → any → all → any
      - open_conditions → [] → condition → any → all → any → all
      - post_rite → [] → condition
      - post_rite → [] → condition → any
      - settlement → [] → action → choose → all
      - settlement → [] → condition
      - settlement → [] → condition → all
      - settlement → [] → condition → all → any
      - settlement → [] → condition → any
      - settlement → [] → condition → any → all
      - settlement → [] → result → choose → all
      - settlement_extre → [] → condition
      - settlement_extre → [] → condition → all
      - settlement_extre → [] → condition → all → all
      - settlement_extre → [] → condition → all → any
      - settlement_extre → [] → condition → any
      - settlement_extre → [] → condition → any → all
      - settlement_extre → [] → condition → any → all → all
      - settlement_extre → [] → condition → any → all → any
      - settlement_extre → [] → condition → any → all → any → all
      - settlement_extre → [] → condition → any → any
      - settlement_extre → [] → result → choose → all
      - settlement_prior → [] → condition
      - settlement_prior → [] → condition → any
      - settlement_prior → [] → condition → any → all
      - target → [] → condition
      - waiting_round_end_action → [] → condition
      - waiting_round_end_action → [] → condition → any

------------------------------------------------------------

[2] 字段名: action
    出现路径数: 68
    该 object 总出现次数: 23656
    不同 key 总数: 4532
    已分类 DSL key: 4497 个 (21445 次出现)
    未分类 key: 35 个 (12367 次出现)

    ── 已分类 DSL 模式 ──
    [slot] 677 个 key, 共 7343 次 (31.0%)
      例: s1+魅力                                      250次 (  1.1%)  int(250)
      例: s1+体魄                                      224次 (  0.9%)  int(224)
      例: s1+战斗                                      194次 (  0.8%)  int(194)
      例: s1+社交                                      184次 (  0.8%)  int(184)
      例: s1+智慧                                      169次 (  0.7%)  int(169)
      ... 及其余 672 个
    [counter] 1196 个 key, 共 5427 次 (22.9%)
      例: counter+7100003                            352次 (  1.5%)  int(352)
      例: counter+7100005                            335次 (  1.4%)  int(335)
      例: counter+7100002                            288次 (  1.2%)  int(288)
      例: counter+7100004                            194次 (  0.8%)  int(194)
      例: counter+7000706                            143次 (  0.6%)  int(143)
      ... 及其余 1191 个
    [clean] 99 个 key, 共 4083 次 (17.3%)
      例: clean.s1                                  1082次 (  4.6%)  int(1082)
      例: clean.s2                                   559次 (  2.4%)  int(559)
      例: clean.s3                                   555次 (  2.3%)  int(555)
      例: clean.s4                                   362次 (  1.5%)  int(362)
      例: clean.s5                                   258次 (  1.1%)  int(258)
      ... 及其余 94 个
    [pop] 1642 个 key, 共 1642 次 (6.9%)
      例: hand_pop.5300338_01.sudan                    1次 (  0.0%)  string(1)
      例: hand_pop.5300339_01.sudan                    1次 (  0.0%)  string(1)
      例: hand_pop.5300339_02.sudan                    1次 (  0.0%)  string(1)
      例: hand_pop.5300339_03.sudan                    1次 (  0.0%)  string(1)
      例: hand_pop_normal.5300340_01.金币                1次 (  0.0%)  string(1)
      ... 及其余 1637 个
    [entity_op] 357 个 key, 共 1159 次 (4.9%)
      例: 2000082.uprare                              16次 (  0.1%)  int(16)
      例: 2001182+神的祝福                                12次 (  0.1%)  int(12)
      例: copy.s3                                      9次 (  0.0%)  int(9)
      例: 2000082+神的祝福                                 9次 (  0.0%)  int(9)
      例: 2000794.uprare                               8次 (  0.0%)  int(8)
      ... 及其余 352 个
    [case] 11 个 key, 共 732 次 (3.1%)
      例: case:op1                                   299次 (  1.3%)  object(299)
      例: case:op2                                   263次 (  1.1%)  object(263)
      例: case:op3                                   117次 (  0.5%)  object(117)
      例: case:op4                                    46次 (  0.2%)  object(46)
      例: case:op5                                     1次 (  0.0%)  object(1)
      ... 及其余 6 个
    [table] 398 个 key, 共 627 次 (2.7%)
      例: table.2000024=上朝                            19次 (  0.1%)  int(19)
      例: table.妻子-事件提示                               12次 (  0.1%)  int(12)
      例: table.2000672+猜忌                            12次 (  0.1%)  int(12)
      例: table.clean.2000680                          7次 (  0.0%)  int(7)
      例: table.clean.2000965                          7次 (  0.0%)  int(7)
      ... 及其余 393 个
    [total] 73 个 key, 共 218 次 (0.9%)
      例: total.2000019+灵感                            24次 (  0.1%)  int(24)
      例: total.宰相-宰相                                 18次 (  0.1%)  int(18)
      例: total.2001019+冻结                            10次 (  0.0%)  int(10)
      例: total.2000680+冻结                            10次 (  0.0%)  int(10)
      例: total.主角+黑暗知识                                9次 (  0.0%)  int(9)
      ... 及其余 68 个
    [tag_check] 1 个 key, 共 102 次 (0.4%)
      例: 金币                                         102次 (  0.4%)  int(102)
    [loot_dsl] 4 个 key, 共 48 次 (0.2%)
      例: loot.已拥有+1                                  38次 (  0.2%)  int(35)  array<int>(3)
      例: loot.无主+1                                    4次 (  0.0%)  int(4)
      例: loot.追随者+1                                   4次 (  0.0%)  int(4)
      例: loot.罪犯投奔+1                                  2次 (  0.0%)  int(2)
    [change_card] 29 个 key, 共 31 次 (0.1%)
      例: change_card_name.5000840_01.s1               2次 (  0.0%)  string(2)
      例: change_card_name.5010070_01.s2               2次 (  0.0%)  string(2)
      例: change_card_name.5000301_01.s1               1次 (  0.0%)  string(1)
      例: change_card_text.5000301_01.s1               1次 (  0.0%)  string(1)
      例: change_card_name.5000301_02.s1               1次 (  0.0%)  string(1)
      ... 及其余 24 个
    [focus] 8 个 key, 共 23 次 (0.1%)
      例: focus.5010205                               12次 (  0.1%)  array<int>(12)
      例: focus.5010203                                2次 (  0.0%)  array<int>(2)
      例: focus.5010206                                2次 (  0.0%)  array<int>(2)
      例: focus.5010207                                2次 (  0.0%)  array<int>(2)
      例: focus.5010201                                2次 (  0.0%)  array<int>(2)
      ... 及其余 3 个
    [sudan_pool] 2 个 key, 共 10 次 (0.0%)
      例: sudan_pool.sudan+冻结                          8次 (  0.0%)  int(8)
      例: sudan_pool.sudan-冻结                          2次 (  0.0%)  int(2)

    ── 未分类 key (35 个) ──
      event_on                                 :  2277次 (  9.6%)  int(2217)  array<int>(60)
      card                                     :  2049次 (  8.7%)  int(1279)  array(769)  array<int>(1)
      rite                                     :  1978次 (  8.4%)  int(1976)  string(2)
      prompt                                   :  1903次 (  8.0%)  object(1903)
      event_off                                :  1019次 (  4.3%)  int(988)  array<int>(31)
      choose                                   :   587次 (  2.5%)  object(587)
      success                                  :   477次 (  2.0%)  object(477)
      over                                     :   382次 (  1.6%)  int(382)
      option                                   :   308次 (  1.3%)  object(308)
      coin                                     :   283次 (  1.2%)  int(283)
      no_show                                  :   250次 (  1.1%)  object(250)
      loot                                     :   239次 (  1.0%)  int(225)  array<int>(14)
      delay                                    :   180次 (  0.8%)  object(180)
      no_prompt                                :   167次 (  0.7%)  object(167)
      steam_achievement                        :    54次 (  0.2%)  string(54)
      debug                                    :    46次 (  0.2%)  string(46)
      failed                                   :    40次 (  0.2%)  object(40)
      all                                      :    33次 (  0.1%)  object(33)
      begin_guide                              :    17次 (  0.1%)  object(17)
      delay_off                                :    16次 (  0.1%)  int(16)
      close_box                                :    12次 (  0.1%)  int(12)
      enable_auto_gen_sudan_card               :     9次 (  0.0%)  bool(9)
      change_desk_bg                           :     7次 (  0.0%)  string(7)
      sleep                                    :     6次 (  0.0%)  float(6)
      change_name                              :     6次 (  0.0%)  int(6)
      slide                                    :     4次 (  0.0%)  string(4)
      magic_sudan                              :     3次 (  0.0%)  int(3)
      hand_card_refresh                        :     3次 (  0.0%)  int(3)
      close_story                              :     2次 (  0.0%)  int(2)
      close_prestige                           :     2次 (  0.0%)  int(2)
      change_location_icon                     :     2次 (  0.0%)  int(2)
      close_deadline                           :     2次 (  0.0%)  int(2)
      close_helpbtn                            :     2次 (  0.0%)  int(2)
      confirm                                  :     1次 (  0.0%)  object(1)
      difficulty                               :     1次 (  0.0%)  int(1)

    出现路径列表:
      - cards_slot → s1 → pops → [] → action
      - cards_slot → s1 → pops → [] → action → choose
      - cards_slot → s10 → pops → [] → action
      - cards_slot → s10 → pops → [] → action → choose
      - cards_slot → s11 → pops → [] → action
      - cards_slot → s12 → pops → [] → action
      - cards_slot → s13 → pops → [] → action
      - cards_slot → s14 → pops → [] → action
      - cards_slot → s15 → pops → [] → action
      - cards_slot → s16 → pops → [] → action
      - cards_slot → s2 → pops → [] → action
      - cards_slot → s2 → pops → [] → action → choose
      - cards_slot → s3 → pops → [] → action
      - cards_slot → s3 → pops → [] → action → choose
      - cards_slot → s4 → pops → [] → action
      - cards_slot → s4 → pops → [] → action → choose
      - cards_slot → s5 → pops → [] → action
      - cards_slot → s5 → pops → [] → action → choose
      - cards_slot → s6 → pops → [] → action
      - cards_slot → s6 → pops → [] → action → choose
      - cards_slot → s7 → pops → [] → action
      - cards_slot → s7 → pops → [] → action → choose
      - cards_slot → s8 → pops → [] → action
      - cards_slot → s8 → pops → [] → action → choose
      - cards_slot → s9 → pops → [] → action
      - cards_slot → s9 → pops → [] → action → choose
      - post_rite → [] → result
      - settlement → [] → action
      - settlement → [] → action → case:op1
      - settlement → [] → action → case:op1 → case:op2
      - settlement → [] → action → case:op1 → case:op3
      - settlement → [] → action → case:op1 → case:op4
      - settlement → [] → action → case:op1 → case:op5
      - settlement → [] → action → case:op1 → case:op6
      - settlement → [] → action → case:op1 → case:op7
      - settlement → [] → action → case:op1 → failed
      - settlement → [] → action → case:op1 → success
      - settlement → [] → action → case:op2
      - settlement → [] → action → case:op2 → case:op10
      - settlement → [] → action → case:op2 → case:op11
      - settlement → [] → action → case:op2 → case:op3
      - settlement → [] → action → case:op2 → case:op4
      - settlement → [] → action → case:op2 → case:op8
      - settlement → [] → action → case:op2 → case:op9
      - settlement → [] → action → case:op2 → success
      - settlement → [] → action → case:op3
      - settlement → [] → action → case:op3 → failed
      - settlement → [] → action → case:op3 → success
      - settlement → [] → action → case:op4
      - settlement → [] → action → case:op4 → case:op1
      - settlement → [] → action → case:op4 → case:op2
      - settlement → [] → action → case:op4 → case:op3
      - settlement → [] → action → choose
      - settlement → [] → action → choose → all → case:op2
      - settlement → [] → action → failed
      - settlement → [] → action → failed → failed
      - settlement → [] → action → success
      - settlement → [] → result
      - settlement → [] → result → choose
      - settlement → [] → result → failed
      - settlement → [] → result → no_show → choose
      - settlement_extre → [] → action
      - settlement_extre → [] → result
      - settlement_extre → [] → result → choose
      - settlement_prior → [] → action
      - settlement_prior → [] → result
      - waiting_round_end_action → [] → action
      - waiting_round_end_action → [] → result

------------------------------------------------------------

[3] 字段名: no_prompt
    出现路径数: 6
    该 object 总出现次数: 167
    不同 key 总数: 101
    已分类 DSL key: 95 个 (287 次出现)
    未分类 key: 6 个 (85 次出现)

    ── 已分类 DSL 模式 ──
    [table] 63 个 key, 共 155 次 (92.8%)
      例: table.2000024=上朝                            12次 (  7.2%)  int(12)
      例: table.2000123-事件提示                          11次 (  6.6%)  int(11)
      例: table.2000063-事件提示                          10次 (  6.0%)  int(10)
      例: table.法拉杰-事件提示                               6次 (  3.6%)  int(6)
      例: table.2000064-事件提示                           6次 (  3.6%)  int(6)
      ... 及其余 58 个
    [total] 17 个 key, 共 89 次 (53.3%)
      例: total.2001019+冻结                             9次 (  5.4%)  int(9)
      例: total.sudan+冻结                               9次 (  5.4%)  int(9)
      例: total.2000680+冻结                             9次 (  5.4%)  int(9)
      例: total.侍奉苏丹-侍奉苏丹                              6次 (  3.6%)  int(6)
      例: total.侍奉苏丹2-侍奉苏丹2                            6次 (  3.6%)  int(6)
      ... 及其余 12 个
    [clean] 1 个 key, 共 18 次 (10.8%)
      例: clean.rite                                  18次 ( 10.8%)  int(16)  array<int>(2)
    [counter] 10 个 key, 共 14 次 (8.4%)
      例: counter+7000465                              4次 (  2.4%)  int(4)
      例: counter+7000255                              2次 (  1.2%)  int(2)
      例: counter+7000321                              1次 (  0.6%)  int(1)
      例: counter+7000248                              1次 (  0.6%)  int(1)
      例: counter+7000314                              1次 (  0.6%)  int(1)
      ... 及其余 5 个
    [sudan_pool] 1 个 key, 共 8 次 (4.8%)
      例: sudan_pool.sudan+冻结                          8次 (  4.8%)  int(8)
    [slot] 2 个 key, 共 2 次 (1.2%)
      例: s1~equip                                     1次 (  0.6%)  array<string>(1)
      例: s2+s1                                        1次 (  0.6%)  int(1)
    [loot_dsl] 1 个 key, 共 1 次 (0.6%)
      例: loot.馆藏+1|已拥有-1                              1次 (  0.6%)  int(1)

    ── 未分类 key (6 个) ──
      card                                     :    50次 ( 29.9%)  int(48)  array(2)
      event_off                                :    10次 (  6.0%)  int(10)
      enable_auto_gen_sudan_card               :     9次 (  5.4%)  bool(9)
      rite                                     :     8次 (  4.8%)  int(8)
      delay_off                                :     7次 (  4.2%)  int(7)
      event_on                                 :     1次 (  0.6%)  int(1)

    出现路径列表:
      - settlement → [] → action → case:op1 → no_prompt
      - settlement → [] → action → case:op2 → no_prompt
      - settlement → [] → action → case:op3 → no_prompt
      - settlement → [] → action → case:op4 → no_prompt
      - settlement → [] → action → no_prompt
      - waiting_round_end_action → [] → result → no_prompt

------------------------------------------------------------

============================================================
 汇总
============================================================
报告字段数: 3
总 key 数（去重）: 9270
已分类: 9216
未分类: 54
分类覆盖率: 99.4%